<?xml version="1.0"?><coverage lines-covered="79" lines-valid="80" line-rate="0.9875" branches-covered="0" branches-valid="0" branch-rate="0" complexity="0" version="1.9" timestamp="1734975092"><sources><source>/home/runner/work/codacy-coverage-reporter/dacy-coverage-reporter</source></sources><packages><package name="src" line-rate="0.9875" branch-rate="0" complexity="0"><classes><class name="main" filename="src/main.rs" line-rate="0.9875" branch-rate="0" complexity="0"><methods/><lines><line number="24" hits="5"/><line number="25" hits="5"/><line number="27" hits="5"/><line number="28" hits="10"/><line number="30" hits="5"/><line number="32" hits="8"/><line number="33" hits="4"/><line number="35" hits="6"/><line number="36" hits="3"/><line number="39" hits="2"/><line number="40" hits="1"/><line number="45" hits="2"/><line number="46" hits="1"/><line number="51" hits="4"/><line number="53" hits="4"/><line number="54" hits="4"/><line number="55" hits="1"/><line number="56" hits="1"/><line number="62" hits="8"/><line number="65" hits="8"/><line number="66" hits="4"/><line number="67" hits="0"/><line number="71" hits="5"/><line number="72" hits="5"/><line number="73" hits="5"/><line number="74" hits="10"/><line number="75" hits="10"/><line number="76" hits="5"/><line number="77" hits="20"/><line number="78" hits="5"/><line number="80" hits="10"/><line number="81" hits="15"/><line number="82" hits="10"/><line number="84" hits="10"/><line number="87" hits="4"/><line number="90" hits="4"/><line number="91" hits="4"/><line number="92" hits="1"/><line number="93" hits="1"/><line number="94" hits="1"/><line number="99" hits="12"/><line number="102" hits="8"/><line number="104" hits="4"/><line number="107" hits="4"/><line number="110" hits="12"/><line number="113" hits="8"/><line number="116" hits="4"/><line number="117" hits="8"/><line number="118" hits="4"/><line number="120" hits="8"/><line number="122" hits="4"/><line number="123" hits="4"/><line number="124" hits="4"/><line number="125" hits="4"/><line number="129" hits="4"/><line number="132" hits="6"/><line number="135" hits="6"/><line number="136" hits="6"/><line number="140" hits="6"/><line number="141" hits="6"/><line number="147" hits="5"/><line number="148" hits="5"/><line number="152" hits="5"/><line number="153" hits="5"/><line number="156" hits="10"/><line number="160" hits="5"/><line number="164" hits="5"/><line number="165" hits="5"/><line number="169" hits="5"/><line number="175" hits="5"/><line number="179" hits="5"/><line number="180" hits="5"/><line number="181" hits="5"/><line number="182" hits="5"/><line number="183" hits="5"/><line number="184" hits="10"/><line number="185" hits="5"/><line number="186" hits="5"/><line number="187" hits="5"/><line number="188" hits="5"/></lines></class></classes></package></packages></coverage>